Build started 9/23/2010 10:41:42 PM.
     1>Project "C:\Users\Christopher Thornton\Documents\Visual Studio 2010\Projects\Facebook Chatbot\Facebook Chatbot\Facebook Chatbot.vcxproj" on node 3 (build target(s)).
     1>InitializeBuildStatus:
         Creating "x64\Release\Facebook Chatbot.unsuccessfulbuild" because "AlwaysCreate" was specified.
       ClCompile:
         C:\Program Files (x86)\Microsoft Visual Studio 10.0\VC\bin\x86_amd64\CL.exe /c /I..\include /Zi /nologo /W3 /WX- /MP /O2 /Oi /D _MBCS /GF /Gm- /EHsc /MD /GS /Gy /fp:precise /Zc:wchar_t /Zc:forScope /Fo"x64\Release\\" /Fd"x64\Release\vc100.pdb" /Gd /TP /errorReport:prompt ActionBlackjack.cpp
         ActionBlackjack.cpp
     1>c:\users\christopher thornton\documents\visual studio 2010\projects\facebook chatbot\facebook chatbot\ActionBlackjack.h(15): error C2236: unexpected 'class' 'ActionBlackjack'. Did you forget a ';'?
     1>c:\users\christopher thornton\documents\visual studio 2010\projects\facebook chatbot\facebook chatbot\ActionBlackjack.h(15): error C2143: syntax error : missing ';' before ':'
     1>c:\users\christopher thornton\documents\visual studio 2010\projects\facebook chatbot\facebook chatbot\ActionBlackjack.h(15): error C2059: syntax error : ':'
     1>c:\users\christopher thornton\documents\visual studio 2010\projects\facebook chatbot\facebook chatbot\ActionBlackjack.h(16): error C2143: syntax error : missing ';' before '{'
     1>c:\users\christopher thornton\documents\visual studio 2010\projects\facebook chatbot\facebook chatbot\ActionBlackjack.h(16): error C2447: '{' : missing function header (old-style formal list?)
     1>ActionBlackjack.cpp(7): error C2059: syntax error : '}'
     1>Done Building Project "C:\Users\Christopher Thornton\Documents\Visual Studio 2010\Projects\Facebook Chatbot\Facebook Chatbot\Facebook Chatbot.vcxproj" (build target(s)) -- FAILED.

Build FAILED.

Time Elapsed 00:00:00.87
